Resultados: pli
Instancia		olucao	Custo	Lim. Inf.	Nos	Tempo
e0806.dat	erro	erro	erro	erro	erro
e1006.dat	erro	erro	erro	erro	erro
e1008.dat	erro	erro	erro	erro	erro
e1010.dat	erro	erro	erro	erro	erro
e1206.dat	erro	erro	erro	erro	erro
e1208.dat	erro	erro	erro	erro	erro
e1210.dat	erro	erro	erro	erro	erro
e1211.dat	erro	erro	erro	erro	erro
e1410.dat	erro	erro	erro	erro	erro
e1411.dat	erro	erro	erro	erro	erro
e1808.dat	erro	erro	erro	erro	erro
Resultados: pli
Instancia	Solucao	Custo	Lim. Inf.	Nos	Tempo
e0806.dat	1 4 2 5 7 6 3 8	4	4.00	273	0.37
e1006.dat	3 1 9 5 8 10 2 4 6 7	12	12.00	2191	4.23
e1008.dat	7 2 9 1 5 10 3 6 4 8	24	24.00	2901	7.50
e1010.dat	7 10 1 3 9 5 2 4 8 6	51	51.00	21275	122.26
e1206.dat	5 8 9 12 3 2 10 11 7 4 6 1	22	5.00	47029	180.01
e1208.dat	11 3 6 2 1 12 4 7 10 8 9 5	79	0.00	34929	180.02
e1210.dat	6 5 3 7 10 9 4 12 1 11 8 2	85	0.00	21611	180.04
e1211.dat	3 1 9 4 11 7 8 6 5 12 10 2	105	0.00	17223	180.04
e1410.dat	12 1 6 13 9 11 8 2 4 14 5 3 10 7	150	0.00	20399	180.05
e1411.dat	1 6 5 12 2 13 9 3 7 11 4 14 10 8	150	0.00	14811	180.08
e1808.dat	0 0 0 0 0 0 0 0 0 0 0 0 0 0 0 0 0 0	0	0.00	22215	180.05
Resultados: pli
Instancia	Solucao	Custo	Lim. Inf.	Nos	Tempo
e0806.dat	1 5 2 4 7 6 3 8	4	4.00	183	0.29
e1006.dat	3 1 9 5 7 10 2 4 6 8	12	12.00	1097	2.63
e1008.dat	8 2 10 3 4 1 5 7 6 9	24	24.00	1687	5.57
Resultados: pli
Instancia	Solucao	Custo	Lim. Inf.	Nos	Tempo
e0806.dat	Reading model section from pli.mod...	pli.mod:46: colon missing where expected	0.00	0	0.00
e1006.dat	Reading model section from pli.mod...	pli.mod:46: colon missing where expected	0.00	0	0.00
e1008.dat	Reading model section from pli.mod...	pli.mod:46: colon missing where expected	0.00	0	0.00
e1010.dat	Reading model section from pli.mod...	pli.mod:46: colon missing where expected	0.00	0	0.00
e1206.dat	Reading model section from pli.mod...	pli.mod:46: colon missing where expected	0.00	0	0.00
e1208.dat	Reading model section from pli.mod...	pli.mod:46: colon missing where expected	0.00	0	0.00
e1210.dat	Reading model section from pli.mod...	pli.mod:46: colon missing where expected	0.00	0	0.00
e1211.dat	Reading model section from pli.mod...	pli.mod:46: colon missing where expected	0.00	0	0.00
e1410.dat	Reading model section from pli.mod...	pli.mod:46: colon missing where expected	0.00	0	0.00
e1411.dat	Reading model section from pli.mod...	pli.mod:46: colon missing where expected	0.00	0	0.00
e1808.dat	Reading model section from pli.mod...	pli.mod:46: colon missing where expected	0.00	0	0.00
Resultados: pli
Instancia	Solucao	Custo	Lim. Inf.	Nos	Tempo
e0806.dat	8 3 1 4 5 6 2 7	4	4.00	295	0.32
e1006.dat	9 10 2 7 4 1 8 6 5 3	12	12.00	1519	3.96
e1008.dat	4 10 2 9 8 1 7 5 6 3	24	24.00	1465	4.42
Resultados: pli
Instancia	Solucao	Custo	Lim. Inf.	Nos	Tempo
e0806.dat	8 3 1 4 5 6 2 7	4	4.00	295	0.37
Resultados: pli
Instancia	Solucao	Custo	Lim. Inf.	Nos	Tempo
e0806.dat	8 4 1 3 6 5 2 7	4	4.00	163	0.23
e1006.dat	8 10 2 7 4 1 9 6 5 3	12	12.00	2723	6.74
e1008.dat	4 10 2 9 6 1 7 5 8 3	24	24.00	2659	8.63
Resultados: pli
Instancia	Solucao	Custo	Lim. Inf.	Nos	Tempo
e0806.dat	8 4 1 3 5 6 2 7	4	4.00	205	0.24
Resultados: pli
Instancia	Solucao	Custo	Lim. Inf.	Nos	Tempo
e0806.dat	8 3 1 4 6 5 2 7	4	4.00	133	0.21
e1006.dat	9 10 2 6 3 1 8 7 5 4	12	12.00	1173	2.97
e1008.dat	4 10 2 9 8 1 7 5 6 3	24	24.00	1303	4.03
Resultados: pli
Instancia	Solucao	Custo	Lim. Inf.	Nos	Tempo
e0806.dat	2 1 3 4 6 7 8 5	0	0.00	75	0.02
e1006.dat	6 3 5 10 4 2 9 8 7 1	0	0.00	111	0.04
e1008.dat	1 7 2 8 5 3 6 9 4 10	0	0.00	1239	0.38
e1010.dat	5 3 4 8 9 10 7 2 1 6	0	0.00	1881	0.98
e1206.dat	12 1 9 8 4 11 3 6 7 5 2 10	0	0.00	1409	0.46
e1208.dat	6 7 9 12 8 11 2 5 4 3 10 1	0	0.00	3195	1.32
e1210.dat	1 10 5 9 7 2 12 4 11 8 3 6	0	0.00	221	0.15
Resultados: pli
Instancia	Solucao	Custo	Lim. Inf.	Nos	Tempo
e0806.dat	2 1 3 4 6 7 8 5	0	0.00	75	0.02
e1006.dat	6 3 5 10 4 2 9 8 7 1	0	0.00	111	0.04
e1008.dat	1 7 2 8 5 3 6 9 4 10	0	0.00	1239	0.38
Resultados: pli
Instancia	Solucao	Custo	Lim. Inf.	Nos	Tempo
e0806.dat	8 4 1 3 5 6 2 7	4	4.00	205	0.24
e1006.dat	9 10 2 7 3 1 8 6 5 4	12	12.00	1779	4.56
Resultados: pli
Instancia	Solucao	Custo	Lim. Inf.	Nos	Tempo
e0806.dat	8 3 1 4 6 5 2 7	4	4.00	133	0.21
e1006.dat	9 10 2 6 3 1 8 7 5 4	12	12.00	1173	3.13
Resultados: pli
Instancia	Solucao	Custo	Lim. Inf.	Nos	Tempo
e0806.dat	8 3 1 4 6 5 2 7	4	4.00	133	0.23
e1006.dat	9 10 2 6 3 1 8 7 5 4	12	12.00	1173	2.36
Resultados: pli
Instancia	Solucao	Custo	Lim. Inf.	Nos	Tempo
e0806.dat	2 1 3 4 6 7 8 5	0	0.00	75	0.02
e1006.dat	6 3 5 10 4 2 9 8 7 1	0	0.00	111	0.04
e1008.dat	1 7 2 8 5 3 6 9 4 10	0	0.00	1239	0.36
e1010.dat	5 3 4 8 9 10 7 2 1 6	0	0.00	1881	0.94
Resultados: pli
Instancia	Solucao	Custo	Lim. Inf.	Nos	Tempo
e0806.dat	8 3 1 4 6 5 2 7	4	4.00	133	0.25
e1006.dat	9 10 2 6 3 1 8 7 5 4	12	12.00	1173	2.87
e1008.dat	4 10 2 9 8 1 7 5 6 3	24	24.00	1303	3.71
Resultados: pli
Instancia	Solucao	Custo	Lim. Inf.	Nos	Tempo
e0806.dat	8 4 1 3 5 6 2 7	4	4.00	205	0.23
Resultados: pli
Instancia	Solucao	Custo	Lim. Inf.	Nos	Tempo
e0806.dat	8 5 7 4 2 3 6 1	4	4.00	361	0.33
e1006.dat	3 1 9 5 8 10 2 4 6 7	12	12.00	1451	2.61
e1008.dat	4 10 2 9 6 1 8 5 7 3	24	24.00	1081	2.40
Resultados: pli
Instancia	Solucao	Custo	Lim. Inf.	Nos	Tempo
e0806.dat	8 4 1 3 5 6 2 7	4	4.00	265	0.29
e1006.dat	2 1 9 5 8 10 3 4 6 7	12	12.00	2089	3.20
e1008.dat	7 2 9 1 3 10 5 6 4 8	24	24.00	1615	3.49
e1010.dat	7 10 1 3 9 5 2 4 8 6	51	51.00	9783	38.94
e1206.dat	7 5 8 1 9 11 3 2 6 10 4 12	22	22.00	19313	53.58
e1208.dat	3 10 7 11 12 2 9 6 1 4 5 8	69	0.00	45827	180.04
e1210.dat	5 6 2 7 10 9 4 12 1 11 8 3	115	0.00	32643	180.03
e1211.dat	4 1 9 3 10 6 8 5 7 12 11 2	104	0.00	25047	180.04
e1410.dat	3 9 14 2 12 4 11 6 7 1 5 8 10 13	150	0.00	25323	180.06
e1411.dat	2 9 8 3 6 14 12 5 10 4 7 1 13 11	155	0.00	10345	180.08
e1808.dat	3 10 4 8 13 7 16 17 6 2 14 5 15 9 12 1 18 11	173	0.00	40407	180.09
Resultados: pli
Instancia	Solucao	Custo	Lim. Inf.	Nos	Tempo
e0806.dat	8 3 1 4 5 6 2 7	4	4.00	505	0.30
e1006.dat	3 1 9 5 8 10 2 4 6 7	12	12.00	3751	3.86
e1008.dat	7 1 9 2 5 10 4 6 3 8	24	24.00	6351	7.85
e1010.dat	7 10 2 1 9 4 3 5 8 6	51	51.00	21235	39.90
e1206.dat	7 5 8 1 9 11 3 2 6 10 4 12	22	5.00	72305	180.01
e1208.dat	11 3 7 2 1 10 4 6 12 8 9 5	80	0.00	61321	180.03
e1210.dat	6 5 3 7 10 9 4 12 1 11 8 2	85	0.00	62699	180.03
e1211.dat	3 1 10 4 9 7 11 5 6 12 8 2	106	0.00	53727	180.04
e1410.dat	13 10 5 8 2 12 3 11 7 14 9 6 1 4	158	0.00	59525	180.05
e1411.dat	10 6 8 13 9 1 3 12 7 14 11 2 4 5	172	0.00	48149	180.08
e1808.dat	3 10 4 8 13 7 16 17 6 2 14 5 15 9 12 1 18 11	173	0.00	40085	180.08
	Resultados: pli
Instancia	Solucao	Custo	Lim. Inf.	Nos	Tempo
e0806.dat	8 3 1 4 5 6 2 7	4	4.00	427	0.30
e1006.dat	3 1 9 4 7 10 2 5 6 8	12	12.00	2019	1.99
e1008.dat	7 1 9 2 4 10 3 6 5 8	24	24.00	3991	4.46
e1010.dat	4 1 9 8 2 6 10 7 3 5	51	51.00	8111	10.72
e1206.dat	8 5 4 1 9 11 3 2 7 10 6 12	22	22.00	65219	130.28
e1208.dat	2 10 7 11 12 3 9 6 1 5 4 8	74	0.00	83319	180.03
e1210.dat	6 5 3 7 10 9 4 12 1 11 8 2	85	0.00	76159	180.05
e1211.dat	4 1 9 2 10 7 8 6 5 12 11 3	106	10.29	72385	180.06
e1410.dat	1 4 7 13 11 12 10 3 5 14 2 6 9 8	121	0.00	64605	180.07
e1411.dat	1 6 5 12 2 13 10 4 7 11 3 14 9 8	139	0.00	63529	180.06
e1808.dat	17 9 16 2 11 5 10 4 3 15 6 14 8 7 12 18 1 13	145	0.00	52535	180.08
Resultados: pli
Instancia	Solucao	Custo	Lim. Inf.	Nos	Tempo
e0806.dat	8 3 1 4 5 6 2 7	4	4.00	505	0.26
e1006.dat	3 1 9 5 8 10 2 4 6 7	12	12.00	3751	2.63
e1008.dat	7 1 9 2 5 10 4 6 3 8	24	24.00	6351	5.80
e1010.dat	7 10 2 1 9 4 3 5 8 6	51	51.00	21235	29.54
e1206.dat	7 5 8 1 9 11 3 2 6 10 4 12	22	6.00	78879	180.01
e1208.dat	10 3 6 2 1 12 4 8 11 9 7 5	78	0.00	76567	180.02
e1210.dat	6 5 3 7 10 9 4 12 1 11 8 2	85	0.00	76961	180.03
e1211.dat	3 1 10 4 9 7 11 5 6 12 8 2	106	0.00	65471	180.03
e1410.dat	13 10 5 8 1 12 3 11 7 14 9 6 2 4	153	0.00	69053	180.04
e1411.dat	10 6 8 13 9 1 3 12 7 14 11 2 4 5	172	0.00	57465	180.05
e1808.dat	3 10 4 8 13 7 16 17 6 2 14 5 15 9 12 1 18 11	173	0.00	49105	180.05
Resultados: pli
Instancia	Solucao	Custo	Lim. Inf.	Nos	Tempo
e0806.dat	8 5 7 4 2 3 6 1	4	4.00	563	0.46
e1006.dat	3 1 9 4 8 10 2 5 6 7	12	12.00	1397	1.61
e1008.dat	7 1 9 2 5 10 3 6 4 8	24	24.00	2519	3.76
e1010.dat	4 1 10 9 2 6 8 7 3 5	51	51.00	8873	24.71
e1206.dat	8 5 4 1 9 11 3 2 6 10 7 12	22	22.00	24645	50.63
e1208.dat	3 10 7 11 12 2 9 6 1 4 5 8	69	0.00	58169	180.01
e1210.dat	7 6 4 8 11 10 5 1 2 12 9 3	81	0.00	46917	180.02
e1211.dat	4 1 9 3 10 6 8 5 7 12 11 2	104	10.00	36181	180.03
e1410.dat	12 9 6 13 3 11 2 10 5 14 8 7 1 4	134	0.00	35541	180.02
e1411.dat	10 5 4 13 2 12 9 1 6 11 3 14 8 7	155	0.00	35587	180.04
e1808.dat	3 8 1 16 5 14 11 13 15 2 9 4 10 12 7 18 17 6	135	0.00	30693	180.04
Resultados: pli
Instancia	Solucao	Custo	Lim. Inf.	Nos	Tempo
e0806.dat	Reading model section from pli.mod...	pli.mod:87: right parenthesis missing where expected	0.00	0	0.00
e1006.dat	Reading model section from pli.mod...	pli.mod:87: right parenthesis missing where expected	0.00	0	0.00
e1008.dat	Reading model section from pli.mod...	pli.mod:87: right parenthesis missing where expected	0.00	0	0.00
e1010.dat	Reading model section from pli.mod...	pli.mod:87: right parenthesis missing where expected	0.00	0	0.00
e1206.dat	Reading model section from pli.mod...	pli.mod:87: right parenthesis missing where expected	0.00	0	0.00
e1208.dat	Reading model section from pli.mod...	pli.mod:87: right parenthesis missing where expected	0.00	0	0.00
e1210.dat	Reading model section from pli.mod...	pli.mod:87: right parenthesis missing where expected	0.00	0	0.00
e1211.dat	Reading model section from pli.mod...	pli.mod:87: right parenthesis missing where expected	0.00	0	0.00
e1410.dat	Reading model section from pli.mod...	pli.mod:87: right parenthesis missing where expected	0.00	0	0.00
e1411.dat	Reading model section from pli.mod...	pli.mod:87: right parenthesis missing where expected	0.00	0	0.00
e1808.dat	Reading model section from pli.mod...	pli.mod:87: right parenthesis missing where expected	0.00	0	0.00
Resultados: pli
Instancia	Solucao	Custo	Lim. Inf.	Nos	Tempo
e0806.dat	Reading model section from pli.mod...	pli.mod:87: right parenthesis missing where expected	0.00	0	0.00
e1006.dat	Reading model section from pli.mod...	pli.mod:87: right parenthesis missing where expected	0.00	0	0.00
e1008.dat	Reading model section from pli.mod...	pli.mod:87: right parenthesis missing where expected	0.00	0	0.00
e1010.dat	Reading model section from pli.mod...	pli.mod:87: right parenthesis missing where expected	0.00	0	0.00
e1206.dat	Reading model section from pli.mod...	pli.mod:87: right parenthesis missing where expected	0.00	0	0.00
e1208.dat	Reading model section from pli.mod...	pli.mod:87: right parenthesis missing where expected	0.00	0	0.00
e1210.dat	Reading model section from pli.mod...	pli.mod:87: right parenthesis missing where expected	0.00	0	0.00
e1211.dat	Reading model section from pli.mod...	pli.mod:87: right parenthesis missing where expected	0.00	0	0.00
e1410.dat	Reading model section from pli.mod...	pli.mod:87: right parenthesis missing where expected	0.00	0	0.00
e1411.dat	Reading model section from pli.mod...	pli.mod:87: right parenthesis missing where expected	0.00	0	0.00
e1808.dat	Reading model section from pli.mod...	pli.mod:87: right parenthesis missing where expected	0.00	0	0.00
Resultados: pli
Instancia	Solucao	Custo	Lim. Inf.	Nos	Tempo
e0806.dat	1 5 2 4 7 6 3 8	4	4.00	753	0.37
e1006.dat	3 1 9 5 8 10 2 4 6 7	12	12.00	4909	3.19
e1008.dat	7 2 9 1 4 10 3 6 5 8	24	24.00	7929	6.58
e1010.dat	4 1 9 8 2 6 10 7 3 5	51	51.00	22351	29.55
Resultados: pli
Instancia	Solucao	Custo	Lim. Inf.	Nos	Tempo
e0806.dat	3 8 5 2 4 6 1 7	0	0.00	15	0.01
e1006.dat	2 3 4 5 1 6 7 8 9 10	0	0.00	27	0.01
e1008.dat	2 3 9 4 5 6 7 1 10 8	0	0.00	13	0.01
e1010.dat	4 1 2 5 3 7 9 6 8 10	0	0.00	33	0.01
e1206.dat	9 1 11 8 4 6 2 5 3 7 12 10	0	0.00	19	0.01
e1208.dat	1 2 3 4 5 6 11 7 9 10 12 8	0	0.00	27	0.01
e1210.dat	5 4 9 6 7 3 12 8 11 1 2 10	0	0.00	7	0.01
e1211.dat	10 5 11 3 7 2 8 12 4 9 6 1	0	0.00	37	0.02
e1410.dat	7 3 14 5 11 6 12 2 4 9 1 8 10 13	0	0.00	29	0.03
e1411.dat	1 7 3 5 10 4 2 8 13 6 12 9 11 14	0	0.00	29	0.02
e1808.dat	1 16 10 2 5 11 6 12 7 15 14 3 18 9 17 8 4 13	0	0.00	67	0.07
Resultados: pli
Instancia	Solucao	Custo	Lim. Inf.	Nos	Tempo
e0806.dat	1 6 2 3 4 7 5 8	0	0.00	3	0.00
e1006.dat	1 2 3 4 5 6 7 8 9 10	0	0.00	1	0.00
e1008.dat	1 2 3 4 5 6 7 8 9 10	0	0.00	1	0.00
e1010.dat	1 2 3 4 5 6 7 8 9 10	0	0.00	1	0.00
e1206.dat	1 2 3 4 6 11 5 7 9 10 12 8	0	0.00	25	0.01
e1208.dat	1 2 3 4 5 6 7 8 9 10 11 12	0	0.00	1	0.00
e1210.dat	1 2 3 4 5 6 7 8 9 10 11 12	0	0.00	1	0.00
e1211.dat	1 2 3 4 5 6 7 8 9 10 11 12	0	0.00	1	0.00
e1410.dat	1 2 3 4 5 6 7 8 9 10 11 12 13 14	0	0.00	1	0.00
e1411.dat	1 14 3 4 5 6 2 7 11 8 9 10 12 13	0	0.00	3	0.01
e1808.dat	1 16 2 3 13 4 14 5 7 8 6 9 18 15 12 10 11 17	0	0.00	21	0.02
Resultados: pli
Instancia	Solucao	Custo	Lim. Inf.	Nos	Tempo
e0806.dat	Reading model section from pli.mod...	pli.mod:86: syntax error in model section	0.00	0	0.00
e1006.dat	Reading model section from pli.mod...	pli.mod:86: syntax error in model section	0.00	0	0.00
e1008.dat	Reading model section from pli.mod...	pli.mod:86: syntax error in model section	0.00	0	0.00
e1010.dat	Reading model section from pli.mod...	pli.mod:86: syntax error in model section	0.00	0	0.00
e1206.dat	Reading model section from pli.mod...	pli.mod:86: syntax error in model section	0.00	0	0.00
e1208.dat	Reading model section from pli.mod...	pli.mod:86: syntax error in model section	0.00	0	0.00
e1210.dat	Reading model section from pli.mod...	pli.mod:86: syntax error in model section	0.00	0	0.00
e1211.dat	Reading model section from pli.mod...	pli.mod:86: syntax error in model section	0.00	0	0.00
e1410.dat	Reading model section from pli.mod...	pli.mod:86: syntax error in model section	0.00	0	0.00
e1411.dat	Reading model section from pli.mod...	pli.mod:86: syntax error in model section	0.00	0	0.00
e1808.dat	Reading model section from pli.mod...	pli.mod:86: syntax error in model section	0.00	0	0.00
Resultados: pli
Instancia	Solucao	Custo	Lim. Inf.	Nos	Tempo
e0806.dat	1 2 3 4 5 6 7 8	0	0.00	1	0.00
e1006.dat	1 2 3 4 5 6 7 8 9 10	0	0.00	1	0.00
e1008.dat	1 2 3 4 5 6 7 8 9 10	0	0.00	1	0.00
e1010.dat	1 2 3 4 5 6 7 8 9 10	0	0.00	1	0.00
e1206.dat	1 2 3 4 5 6 7 8 9 10 11 12	0	0.00	1	0.00
e1208.dat	1 2 3 4 5 6 7 8 9 10 11 12	0	0.00	1	0.00
e1210.dat	1 2 3 4 5 6 7 8 9 10 11 12	0	0.00	1	0.00
e1211.dat	1 2 3 4 5 6 7 8 9 10 11 12	0	0.00	1	0.00
e1410.dat	1 2 3 4 5 6 7 8 9 10 11 12 13 14	0	0.00	1	0.00
e1411.dat	1 2 3 4 5 6 7 8 9 10 11 12 13 14	0	0.00	1	0.00
e1808.dat	1 2 3 4 5 6 7 8 9 10 11 12 13 14 15 16 17 18	0	0.00	1	0.01
Resultados: pli
Instancia	Solucao	Custo	Lim. Inf.	Nos	Tempo
e0806.dat	1 2 3 4 5 6 7 8	0	0.00	1	0.00
e1006.dat	1 2 3 4 5 6 7 8 9 10	0	0.00	1	0.00
e1008.dat	1 2 3 4 5 6 7 8 9 10	0	0.00	1	0.00
e1010.dat	1 2 3 4 5 6 7 8 9 10	0	0.00	1	0.00
e1206.dat	1 2 3 4 5 6 7 8 9 10 11 12	0	0.00	1	0.00
e1208.dat	1 2 3 4 5 6 7 8 9 10 11 12	0	0.00	1	0.00
e1210.dat	1 2 3 4 5 6 7 8 9 10 11 12	0	0.00	1	0.00
e1211.dat	1 2 3 4 5 6 7 8 9 10 11 12	0	0.00	1	0.00
e1410.dat	1 2 3 4 5 6 7 8 9 10 11 12 13 14	0	0.00	1	0.00
e1411.dat	1 2 3 4 5 6 7 8 9 10 11 12 13 14	0	0.00	1	0.00
e1808.dat	1 2 3 4 5 6 7 8 9 10 11 12 13 14 15 16 17 18	0	0.00	1	0.01
Resultados: pli
Instancia	Solucao	Custo	Lim. Inf.	Nos	Tempo
e0806.dat	1 5 2 4 7 6 3 8	4	4.00	753	0.36
Resultados: pli
Instancia	Solucao	Custo	Lim. Inf.	Nos	Tempo
e0806.dat	1 4 2 5 6 7 3 8	4	4.00	601	0.30
e1006.dat	3 1 9 5 8 10 2 4 6 7	12	12.00	3021	1.77
e1008.dat	7 2 9 1 5 10 4 6 3 8	24	24.00	4497	3.11
e1010.dat	7 10 2 3 9 4 1 5 8 6	51	51.00	10171	8.60
e1206.dat	8 5 6 1 10 11 3 2 7 9 4 12	22	22.00	72919	98.97
Resultados: pli
Substituindo variveis
Instancia	Solucao	Custo	Lim. Inf.	Nos	Tempo
e0806.dat	1 6 8 5 3 4 7 2	4	4.00	203	0.20
e1006.dat	3 1 9 5 7 10 2 4 6 8	12	12.00	595	0.60
e1008.dat	4 10 2 9 7 1 6 5 8 3	24	24.00	775	0.90
e1010.dat	7 10 2 3 9 4 1 5 8 6	51	51.00	3281	5.62
e1206.dat	7 8 5 12 3 2 10 11 6 4 9 1	22	22.00	10427	14.54
e1208.dat	3 10 7 11 12 2 9 6 1 4 5 8	69	69.00	23463	39.97
e1210.dat	6 7 9 5 2 3 8 12 11 1 4 10	81	81.00	46199	108.41
e1211.dat	10 12 4 9 3 6 5 8 7 1 2 11	104	104.00	57969	154.84
e1410.dat	2 5 8 1 10 13 12 4 6 14 3 7 11 9	115	0.00	60987	180.03
e1411.dat	11 6 7 13 9 1 2 10 5 12 8 14 3 4	137	0.00	63199	180.03
e1808.dat	3 9 4 17 7 14 11 15 16 2 12 5 10 13 6 1 18 8	135	0.00	48853	180.03
Tirando <= 1 de Espera
Resultados: pli
Instancia	Solucao	Custo	Lim. Inf.	Nos	Tempo
e0806.dat	1 4 2 5 7 6 3 8	4	4.00	253	0.21
e1006.dat	9 10 2 7 4 1 8 6 5 3	12	12.00	573	0.50
e1008.dat	8 2 10 3 5 1 4 7 6 9	24	24.00	883	1.03
e1010.dat	7 10 2 1 9 4 3 5 8 6	51	51.00	2601	4.48
e1206.dat	7 8 5 12 4 2 10 11 6 3 9 1	22	22.00	10483	14.11
e1208.dat	10 3 6 2 1 11 4 7 12 9 8 5	69	69.00	38359	71.40
e1210.dat	7 6 4 8 11 10 5 1 2 12 9 3	81	81.00	44503	109.20
e1211.dat	9 12 4 10 3 7 5 8 6 1 2 11	104	104.00	59059	153.70
e1410.dat	13 10 7 14 5 2 3 11 8 1 12 9 4 6	115	11.64	56299	180.03
e1411.dat	14 6 8 12 10 2 3 11 7 13 9 1 4 5	132	0.00	57909	180.03
e1808.dat	15 10 16 2 12 5 8 4 3 14 7 17 9 6 13 18 1 11	145	0.00	47371	180.03

Relaxando Inicio e Final
Resultados: pli
Instancia;Solucao;Custo;Lim. Inf.;Nos;Tempo
e0806.dat;1 4 2 5 7 6 3 8;4;4.00;587;0.31
e1006.dat;9 10 2 6 4 1 8 7 5 3;12;12.00;3845;2.14
e1008.dat;7 2 9 1 5 10 4 6 3 8;24;24.00;4705;3.18
e1010.dat;7 10 2 3 9 5 1 4 8 6;51;51.00;8241;6.33
e1206.dat;5 8 6 12 4 2 10 11 7 3 9 1;22;22.00;71557;95.33
e1208.dat;10 3 6 2 1 11 4 7 12 9 8 5;69;22.87;99877;180.01
e1210.dat;7 6 5 8 11 10 4 1 2 12 9 3;85;16.00;96327;180.02
e1211.dat;3 1 9 4 10 7 8 5 6 12 11 2;104;43.00;91569;180.03
e1410.dat;12 9 6 13 4 1 2 10 8 14 11 7 3 5;115;0.00;89821;180.04
e1411.dat;1 8 5 13 2 11 9 4 6 12 3 14 10 7;147;0.00;87417;180.03
e1808.dat;4 10 3 17 7 12 9 15 16 1 11 5 13 14 6 2 18 8;169;0.00;76773;180.04

Substituindo custoTotal
Instancia;Solucao;Custo;Lim. Inf.;Nos;Tempo
e0806.dat;8 5 7 4 2 3 6 1;4;4.00;227;0.15
e1006.dat;2 1 9 4 8 10 3 5 6 7;12;12.00;889;0.76
e1008.dat;8 2 10 3 5 1 4 7 6 9;24;24.00;737;0.86
e1010.dat;4 1 10 9 2 7 8 6 3 5;51;51.00;4129;7.08
e1206.dat;8 5 6 1 9 11 3 2 7 10 4 12;22;22.00;9085;11.79
e1208.dat;3 10 7 11 12 2 9 6 1 5 4 8;69;69.00;36753;61.46
e1210.dat;7 6 4 8 11 10 5 1 2 12 9 3;81;28.00;71785;180.02
e1211.dat;3 1 9 4 11 7 8 5 6 12 10 2;104;53.00;64487;180.01
e1410.dat;13 10 7 1 5 2 3 11 9 14 12 8 4 6;115;28.00;62279;180.02
e1411.dat;14 7 8 12 10 2 3 11 6 13 9 1 4 5;136;16.00;52129;180.02
e1808.dat;15 9 17 1 12 2 10 3 4 16 7 11 8 6 14 18 5 13;158;0.00;55159;180.03
Voltando para antes de substituir custoTotal
Resultados: pli
Instancia;Solucao;Custo;Lim. Inf.;Nos;Tempo
e0806.dat;8 4 7 5 3 2 6 1;4;4.00;213;0.19
e1006.dat;9 10 2 6 4 1 8 7 5 3;12;12.00;567;0.58
e1008.dat;8 2 10 3 5 1 6 7 4 9;24;24.00;721;0.78
e1010.dat;4 1 9 8 2 7 10 6 3 5;51;51.00;2681;4.37
e1206.dat;7 5 8 1 9 11 3 2 6 10 4 12;22;22.00;6557;8.85
e1208.dat;10 3 6 2 1 11 4 7 12 8 9 5;69;69.00;31139;57.26
e1210.dat;6 7 9 5 2 3 8 12 11 1 4 10;81;28.00;72257;180.01
e1211.dat;9 12 4 10 2 6 5 8 7 1 3 11;104;30.71;68791;180.03
e1410.dat;1 5 8 2 10 13 12 4 6 14 3 7 11 9;120;0.00;65159;180.03
e1411.dat;1 9 7 3 4 13 12 5 8 2 6 14 11 10;132;0.00;55773;180.04
e1808.dat;4 8 2 16 7 14 10 13 15 3 9 1 11 12 5 18 17 6;140;0.00;54753;180.04
Resultados: pli
Instancia;Solucao;Custo;Lim. Inf.;Nos;Tempo
e0806.dat;1 6 8 5 3 4 7 2;4;4.00;203;0.20
e1006.dat;3 1 9 5 7 10 2 4 6 8;12;12.00;595;0.60
e1008.dat;4 10 2 9 7 1 6 5 8 3;24;24.00;775;0.90
e1010.dat;7 10 2 3 9 4 1 5 8 6;51;51.00;3281;5.56
e1206.dat;7 8 5 12 3 2 10 11 6 4 9 1;22;22.00;10427;14.77
e1208.dat;3 10 7 11 12 2 9 6 1 4 5 8;69;69.00;23463;39.98
Resultados: pli
Instancia;Solucao;Custo;Lim. Inf.;Nos;Tempo
e0806.dat;1 6 8 5 3 4 7 2;4;4.00;203;0.20
e1006.dat;3 1 9 5 7 10 2 4 6 8;12;12.00;595;0.61
e1008.dat;4 10 2 9 7 1 6 5 8 3;24;24.00;775;0.90
e1010.dat;7 10 2 3 9 4 1 5 8 6;51;51.00;3281;5.64
e1206.dat;7 8 5 12 3 2 10 11 6 4 9 1;22;22.00;10427;14.77
Resultados: pli
Instancia;Solucao;Custo;Lim. Inf.;Nos;Tempo
e0806.dat;1 4 2 5 7 6 3 8;4;4.00;587;0.31
e1006.dat;9 10 2 6 4 1 8 7 5 3;12;12.00;3845;2.12
e1008.dat;7 2 9 1 5 10 4 6 3 8;24;24.00;4705;3.20
e1010.dat;7 10 2 3 9 5 1 4 8 6;51;51.00;8241;6.30
Resultados: pli
Instancia;Solucao;Custo;Lim. Inf.;Nos;Tempo
e0806.dat;1 6 8 5 3 4 7 2;4;4.00;203;0.21
e1006.dat;3 1 9 5 7 10 2 4 6 8;12;12.00;595;0.61
e1008.dat;4 10 2 9 7 1 6 5 8 3;24;24.00;775;0.88
e1010.dat;7 10 2 3 9 4 1 5 8 6;51;51.00;3281;5.60
e1206.dat;7 8 5 12 3 2 10 11 6 4 9 1;22;22.00;10427;14.46
e1208.dat;3 10 7 11 12 2 9 6 1 4 5 8;69;69.00;23463;38.85
e1210.dat;6 7 9 5 2 3 8 12 11 1 4 10;81;81.00;46199;106.66
e1211.dat;10 12 4 9 3 6 5 8 7 1 2 11;104;104.00;57969;154.11
e1410.dat;2 5 8 1 10 13 12 4 6 14 3 7 11 9;115;0.00;61075;180.03
e1411.dat;11 6 7 13 9 1 2 10 5 12 8 14 3 4;137;0.00;64827;180.03
e1808.dat;3 9 4 17 7 14 11 15 16 2 12 5 10 13 6 1 18 8;135;0.00;48901;180.05
Resultados: pli
Instancia;Solucao;Custo;Lim. Inf.;Nos;Tempo
e0806.dat;1 5 8 6 3 4 7 2;4;4.00;235;0.19
e1006.dat;9 10 2 7 4 1 8 6 5 3;12;12.00;899;0.90
e1008.dat;7 1 9 2 5 10 3 6 4 8;24;24.00;1293;1.56
e1010.dat;4 1 10 8 2 6 9 7 3 5;51;51.00;4073;7.41
e1206.dat;8 5 4 1 9 11 3 2 7 10 6 12;22;22.00;8891;12.63
e1208.dat;3 10 7 11 12 2 9 6 1 5 4 8;69;69.00;29647;55.95
e1210.dat;7 6 4 8 11 10 5 1 2 12 9 3;81;33.33;72819;180.02
Resultados: pli
Instancia;Solucao;Custo;Lim. Inf.;Nos;Tempo
e0806.dat;1 5 8 6 3 4 7 2;4;4.00;235;0.21
e1006.dat;9 10 2 7 4 1 8 6 5 3;12;12.00;899;0.92
e1008.dat;7 1 9 2 5 10 3 6 4 8;24;24.00;1293;1.57
e1010.dat;4 1 10 8 2 6 9 7 3 5;51;51.00;4073;7.43
e1206.dat;8 5 4 1 9 11 3 2 7 10 6 12;22;22.00;8891;12.68
e1208.dat;3 10 7 11 12 2 9 6 1 5 4 8;69;69.00;29647;57.06
e1210.dat;7 6 4 8 11 10 5 1 2 12 9 3;81;33.33;72209;180.02
e1211.dat;3 1 9 4 11 7 8 5 6 12 10 2;104;45.75;65811;180.02
e1410.dat;14 11 8 2 6 3 4 12 9 1 13 10 5 7;115;10.14;63723;180.03
e1411.dat;14 6 8 12 11 2 3 10 7 13 9 1 4 5;132;0.00;55725;180.03
e1808.dat;4 12 3 17 7 14 9 15 16 2 11 5 10 13 6 1 18 8;139;0.00;53183;180.04
Resultados: pli
Instancia;Solucao;Custo;Lim. Inf.;Nos;Tempo
e0806.dat;8 3 1 4 5 6 2 7;4;4.00;505;0.26
e1006.dat;3 1 9 5 8 10 2 4 6 7;12;12.00;3751;2.54
e1008.dat;7 1 9 2 5 10 4 6 3 8;24;24.00;6351;5.56
e1010.dat;7 10 2 1 9 4 3 5 8 6;51;51.00;21235;28.60
e1206.dat;7 5 8 1 9 11 3 2 6 10 4 12;22;7.00;91653;180.01
e1208.dat;10 3 6 2 1 12 4 8 11 9 7 5;78;0.00;83499;180.02
e1210.dat;6 5 3 7 10 9 4 12 1 11 8 2;85;0.00;81601;180.02
e1211.dat;3 1 10 4 9 7 11 5 6 12 8 2;106;0.00;70199;180.04
e1410.dat;12 5 6 14 9 13 10 7 3 1 2 4 11 8;145;0.00;73539;180.04
e1411.dat;10 6 8 13 9 1 3 12 7 14 11 2 4 5;172;0.00;61567;180.05
e1808.dat;3 10 4 8 13 7 16 17 6 2 14 5 15 9 12 1 18 11;173;0.00;53701;180.05
